[2025-06-18 09:30:34] info (api-auth): Auth Service running on port 5000
[2025-06-18 09:31:11] error (api-auth): [POST] /auth/login → 500: secretOrPrivateKey must be an asymmetric key when using RS256 secretOrPrivateKey must be an asymmetric key when using RS256
[2025-06-18 09:32:23] info (api-auth): Auth Service running on port 5000
[2025-06-18 09:32:27] debug (api-auth): privateKey
[2025-06-18 09:32:27] debug (api-auth): publicKey
[2025-06-18 09:32:27] error (api-auth): [POST] /auth/login → 500: secretOrPrivateKey must be an asymmetric key when using RS256 secretOrPrivateKey must be an asymmetric key when using RS256
[2025-06-18 09:32:37] info (api-auth): Auth Service running on port 5000
[2025-06-18 09:32:42] debug (api-auth): privateKey 
[2025-06-18 09:32:42] debug (api-auth): publicKey 
[2025-06-18 09:32:42] error (api-auth): [POST] /auth/login → 500: secretOrPrivateKey must be an asymmetric key when using RS256 secretOrPrivateKey must be an asymmetric key when using RS256
[2025-06-18 09:36:39] info (api-auth): Auth Service running on port 5000
[2025-06-18 09:36:45] debug (api-auth): Signing access token with private key
[2025-06-18 09:36:45] error (api-auth): [POST] /auth/login → 500: secretOrPrivateKey must be an asymmetric key when using RS256 secretOrPrivateKey must be an asymmetric key when using RS256
[2025-06-18 09:36:55] info (api-auth): Auth Service running on port 5000
[2025-06-18 09:38:26] info (api-auth): Auth Service running on port 5000
[2025-06-18 09:38:31] debug (api-auth): Signing access token with private key
[2025-06-18 09:38:31] error (api-auth): [POST] /auth/login → 500: secretOrPrivateKey must be an asymmetric key when using RS256 secretOrPrivateKey must be an asymmetric key when using RS256
[2025-06-18 09:40:48] info (api-auth): Auth Service running on port 5000
[2025-06-18 09:50:31] info (api-auth): Auth Service running on port 5000
[2025-06-18 09:51:39] error (api-auth): [POST] /auth/login → 500: secretOrPrivateKey must be an asymmetric key when using RS256 secretOrPrivateKey must be an asymmetric key when using RS256
[2025-06-18 10:03:15] info (api-auth): Auth Service running on port 5000
[2025-06-18 10:03:23] info (api-auth): Auth Service running on port 5000
[2025-06-18 10:04:19] info (api-auth): Auth Service running on port 5000
[2025-06-18 10:04:22] info (api-auth): Auth Service running on port 5000
[2025-06-18 10:07:25] error (api-auth): [POST] /auth/login → 500: secretOrPrivateKey must be an asymmetric key when using RS256 secretOrPrivateKey must be an asymmetric key when using RS256
[2025-06-18 10:07:48] info (api-auth): Auth Service running on port 5000
[2025-06-18 10:07:51] debug (api-auth): -----BEGIN PRIVATE KEY-----
MIIEvgIBADANBgkqhkiG9w0BAQEFAASCBKgwggSkAgEAAoIBAQCvpa9jwDt6ITbt
yIF5bmQ0IuIqjN9ngI3KY/1sple6WTGtvWBucYuoHLrJWrTN/bCMgCQmJuqR61cB
rmX/Fp7L4Am1fXz+uHHlvoGIwFcx98awe5P+wWsYMnY57I6n8gTioJi/ZM2hjJfT
FrXUc72LLPH1odPg1/HRTrPmvMN4O0lO5lwu3xqbDqNI+Lh1egOTBOOlFPzsnZzF
+XWdIasVNcFkq4kCeXIeGkk5mqII8xfzbs7KcKu1/s07LvCW5PjPafpCBwIpnKje
wD4ZmB1a4/yr12dDGNvVujt9fyr0bqkv3xGM7HcPxnibFjqhG9eT36NxTBKGnG2n
H9AkybW7AgMBAAECggEALLkkOmLlAgjZApyOEww/qWLEcY8jByidcc4Z5gNIzSMO
2i0hE54HsEt4Z/KXnOeef3fVPH2mNndU1RHB2Ly6vDCUaEjGfdka7yOdueM3kHqF
dcRRf4liKmwW3FLWU/70rXu0yO7yyNKSieX7cFf0CC7ugNuupk51vRSsC/E+WCtb
zWCA1TSCvxcqNCKfeGqz2inV5P76b3UOTDehEsV1xDhVLFg/CayDjGkvjzOvwJPQ
o2NPEiqY1Dy5rivsTd06u+NqL6TZsN1CFA7sDJg7IRUSAcIA7IdgiYPawSQzK5j3
cqBDQO7FqF3t9LyPXe45e3AKDEaoa2/vCeVdtDq1EQKBgQDqWFEYkFuk8q5rNrNK
g5PM4qomZnO22zgKj2vIGNVAM0ANh+T5KF4/ghhCXcIm81BT9Ripw6rSo60ePo5a
FmRAIkL/mwNy4ySAnmCqdcof4s/Map4ONur0Icy2X5V2rKRw5GJgicxZu+saAcMN
Q3OymwNPXsLvW0N8ob4khuwgOQKBgQC/4M8g1GMHZAQ2fJLY/uve1Nc/im7m0pT+
q/oLTqg9/7xV4vt/suaat21HNaJnSksxugHaQtbM1O4awsv3O2XB8NIEl7fUeAXC
Fsh6kHR6W45tLXrIhkamSg02AH0wxy6NG5SoCNjsBL+NAu0n9UvcOpr7gJk8LJWr
mrUWSnLdkwKBgQCey9PAGmoPXucz/XAGqRxpNJrpxHjayrex6De38qPmihP4V0Kg
V2tuC4DWz+O1MyEWkznwJ4fEjmbL3MXnY87w6oaN4AO5QRPGGAwW1hRuAOqgcQrD
RRF29sRaPHDyZtBTM186XYXctIr+J319qlxnBcV7bhIX0bbsaEmJROgSeQKBgQC4
xP4QKhVWd5yK73jlVs3B3YmNWXwj8CKj/u2g19SxJ0OwHQx8UsU3tWyYxvAlsOgp
8Wl5SSXZRy4mPPD2mY8KrCFBZOwTwKQi25egVtyjOuky/zmeQZdk6ChCmUP0pcmQ
/j8vdJ2W4ZenbWr8MH0ljJXTnGlzBaf3ANpipbxo2wKBgEhlWFBkNGU2PZjErD6C
3V56GYr7wDZyPz0/XeXEjROZvn8bLzC2CZym0cvtc3tyexGCGWoMMqns1OKmGF/z
63N5T635CPMOZx0prJEpQJapFrz+t2Ebf6NmcZTKKzw6lO9u1UXHNhQpuh0+KwCL
ptwxEL8kQB6XyiUkV0jtt3D5
-----END PRIVATE KEY-----

[2025-06-18 10:08:26] debug (api-auth): -----BEGIN PRIVATE KEY-----
MIIEvgIBADANBgkqhkiG9w0BAQEFAASCBKgwggSkAgEAAoIBAQCvpa9jwDt6ITbt
yIF5bmQ0IuIqjN9ngI3KY/1sple6WTGtvWBucYuoHLrJWrTN/bCMgCQmJuqR61cB
rmX/Fp7L4Am1fXz+uHHlvoGIwFcx98awe5P+wWsYMnY57I6n8gTioJi/ZM2hjJfT
FrXUc72LLPH1odPg1/HRTrPmvMN4O0lO5lwu3xqbDqNI+Lh1egOTBOOlFPzsnZzF
+XWdIasVNcFkq4kCeXIeGkk5mqII8xfzbs7KcKu1/s07LvCW5PjPafpCBwIpnKje
wD4ZmB1a4/yr12dDGNvVujt9fyr0bqkv3xGM7HcPxnibFjqhG9eT36NxTBKGnG2n
H9AkybW7AgMBAAECggEALLkkOmLlAgjZApyOEww/qWLEcY8jByidcc4Z5gNIzSMO
2i0hE54HsEt4Z/KXnOeef3fVPH2mNndU1RHB2Ly6vDCUaEjGfdka7yOdueM3kHqF
dcRRf4liKmwW3FLWU/70rXu0yO7yyNKSieX7cFf0CC7ugNuupk51vRSsC/E+WCtb
zWCA1TSCvxcqNCKfeGqz2inV5P76b3UOTDehEsV1xDhVLFg/CayDjGkvjzOvwJPQ
o2NPEiqY1Dy5rivsTd06u+NqL6TZsN1CFA7sDJg7IRUSAcIA7IdgiYPawSQzK5j3
cqBDQO7FqF3t9LyPXe45e3AKDEaoa2/vCeVdtDq1EQKBgQDqWFEYkFuk8q5rNrNK
g5PM4qomZnO22zgKj2vIGNVAM0ANh+T5KF4/ghhCXcIm81BT9Ripw6rSo60ePo5a
FmRAIkL/mwNy4ySAnmCqdcof4s/Map4ONur0Icy2X5V2rKRw5GJgicxZu+saAcMN
Q3OymwNPXsLvW0N8ob4khuwgOQKBgQC/4M8g1GMHZAQ2fJLY/uve1Nc/im7m0pT+
q/oLTqg9/7xV4vt/suaat21HNaJnSksxugHaQtbM1O4awsv3O2XB8NIEl7fUeAXC
Fsh6kHR6W45tLXrIhkamSg02AH0wxy6NG5SoCNjsBL+NAu0n9UvcOpr7gJk8LJWr
mrUWSnLdkwKBgQCey9PAGmoPXucz/XAGqRxpNJrpxHjayrex6De38qPmihP4V0Kg
V2tuC4DWz+O1MyEWkznwJ4fEjmbL3MXnY87w6oaN4AO5QRPGGAwW1hRuAOqgcQrD
RRF29sRaPHDyZtBTM186XYXctIr+J319qlxnBcV7bhIX0bbsaEmJROgSeQKBgQC4
xP4QKhVWd5yK73jlVs3B3YmNWXwj8CKj/u2g19SxJ0OwHQx8UsU3tWyYxvAlsOgp
8Wl5SSXZRy4mPPD2mY8KrCFBZOwTwKQi25egVtyjOuky/zmeQZdk6ChCmUP0pcmQ
/j8vdJ2W4ZenbWr8MH0ljJXTnGlzBaf3ANpipbxo2wKBgEhlWFBkNGU2PZjErD6C
3V56GYr7wDZyPz0/XeXEjROZvn8bLzC2CZym0cvtc3tyexGCGWoMMqns1OKmGF/z
63N5T635CPMOZx0prJEpQJapFrz+t2Ebf6NmcZTKKzw6lO9u1UXHNhQpuh0+KwCL
ptwxEL8kQB6XyiUkV0jtt3D5
-----END PRIVATE KEY-----

[2025-06-18 10:09:38] debug (api-auth): Role id
[2025-06-18 10:09:39] debug (api-auth): Fetching all permissions
